<?xml version="1.0" encoding="ISO-8859-1"?>

<PropertyList>

  <sim>

    <model>
      <livery>
        <name    type="string">Test Blue</name>
        <texture type="string">Liveries/2048x2048/test-blue1.png</texture>
        <specular>
          <red   type="float"> 0.03 </red>
          <green type="float"> 0.03 </green>
          <blue  type="float"> 0.03 </blue>
        </specular>
      </livery>
      <livery-second>
        <texture type="string">Liveries/2048x2048/test-blue2.png</texture>
        <specular>
          <red   type="float"> 0.03 </red>
          <green type="float"> 0.03 </green>
          <blue  type="float"> 0.03 </blue>
        </specular>
      </livery-second>
    </model>

  </sim>

</PropertyList>
